<?xml version="1.0" encoding="UTF-8"?>
<!-- Generated by org.testng.reporters.JUnitXMLReporter -->
<testsuite ignored="0" hostname="shri" failures="0" tests="6" name="firefoxTest" time="122.568" errors="0" timestamp="2022-02-14T16:59:33 IST">
  <testcase classname="package1.ToVerifyHeader" name="@BeforeTest tolaunchBrowser" time="121.476">
    <failure type="org.openqa.selenium.TimeoutException" message="No connection could be made because the target machine actively refused it. (os error 10061)
Build info: version: &amp;apos;3.141.59&amp;apos;, revision: &amp;apos;e82be7d358&amp;apos;, time: &amp;apos;2018-11-14T08:17:03&amp;apos;
System info: host: &amp;apos;SHRI&amp;apos;, ip: &amp;apos;192.168.1.41&amp;apos;, os.name: &amp;apos;Windows 10&amp;apos;, os.arch: &amp;apos;amd64&amp;apos;, os.version: &amp;apos;10.0&amp;apos;, java.version: &amp;apos;15.0.2&amp;apos;
Driver info: driver.version: FirefoxDriver
remote stacktrace: ">
      <![CDATA[org.openqa.selenium.TimeoutException: No connection could be made because the target machine actively refused it. (os error 10061)
Build info: version: '3.141.59', revision: 'e82be7d358', time: '2018-11-14T08:17:03'
System info: host: 'SHRI', ip: '192.168.1.41', os.name: 'Windows 10', os.arch: 'amd64', os.version: '10.0', java.version: '15.0.2'
Driver info: driver.version: FirefoxDriver
remote stacktrace: 
at org.openqa.selenium.remote.W3CHandshakeResponse.lambda$errorHandler$0(W3CHandshakeResponse.java:62)
at org.openqa.selenium.remote.HandshakeResponse.lambda$getResponseFunction$0(HandshakeResponse.java:30)
at org.openqa.selenium.remote.ProtocolHandshake.lambda$createSession$0(ProtocolHandshake.java:126)
at java.base/java.util.stream.ReferencePipeline$3$1.accept(ReferencePipeline.java:195)
at java.base/java.util.Spliterators$ArraySpliterator.tryAdvance(Spliterators.java:958)
at java.base/java.util.stream.ReferencePipeline.forEachWithCancel(ReferencePipeline.java:127)
at java.base/java.util.stream.AbstractPipeline.copyIntoWithCancel(AbstractPipeline.java:502)
at java.base/java.util.stream.AbstractPipeline.copyInto(AbstractPipeline.java:488)
at java.base/java.util.stream.AbstractPipeline.wrapAndCopyInto(AbstractPipeline.java:474)
at java.base/java.util.stream.FindOps$FindOp.evaluateSequential(FindOps.java:150)
at java.base/java.util.stream.AbstractPipeline.evaluate(AbstractPipeline.java:234)
at java.base/java.util.stream.ReferencePipeline.findFirst(ReferencePipeline.java:543)
at org.openqa.selenium.remote.ProtocolHandshake.createSession(ProtocolHandshake.java:128)
at org.openqa.selenium.remote.ProtocolHandshake.createSession(ProtocolHandshake.java:74)
at org.openqa.selenium.remote.HttpCommandExecutor.execute(HttpCommandExecutor.java:136)
at org.openqa.selenium.remote.service.DriverCommandExecutor.execute(DriverCommandExecutor.java:83)
at org.openqa.selenium.remote.RemoteWebDriver.execute(RemoteWebDriver.java:552)
at org.openqa.selenium.remote.RemoteWebDriver.startSession(RemoteWebDriver.java:213)
at org.openqa.selenium.remote.RemoteWebDriver.<init>(RemoteWebDriver.java:131)
at org.openqa.selenium.firefox.FirefoxDriver.<init>(FirefoxDriver.java:147)
at org.openqa.selenium.firefox.FirefoxDriver.<init>(FirefoxDriver.java:125)
at base.Browser.launchFirefoxBrowser(Browser.java:19)
at package1.ToVerifyHeader.tolaunchBrowser(ToVerifyHeader.java:54)
... Removed 29 stack frames]]>
    </failure>
  </testcase> <!-- @BeforeTest tolaunchBrowser -->
  <testcase classname="package1.ToVerifyLoginPage" name="@BeforeTest launchBrowser" time="-1.644838172289E9">
    <skipped/>
  </testcase> <!-- @BeforeTest launchBrowser -->
  <testcase classname="package1.ToVerifyHeader" name="@BeforeClass createPomObjects" time="-1.644838172442E9">
    <skipped/>
  </testcase> <!-- @BeforeClass createPomObjects -->
  <testcase classname="package1.ToVerifyLoginPage" name="@BeforeClass createPomObjects" time="-1.644838172436E9">
    <skipped/>
  </testcase> <!-- @BeforeClass createPomObjects -->
  <testcase classname="package1.ToVerifyLoginPage" name="@BeforeMethod openLoginPage" time="-1.644838172674E9">
    <skipped/>
  </testcase> <!-- @BeforeMethod openLoginPage -->
  <testcase classname="package1.ToVerifyHeader" name="@BeforeMethod clickLoginButton" time="-1.644838172799E9">
    <skipped/>
  </testcase> <!-- @BeforeMethod clickLoginButton -->
  <testcase classname="package1.ToVerifyLoginPage" name="@AfterMethod logoutFromApplication" time="-1.644838172732E9">
    <skipped/>
  </testcase> <!-- @AfterMethod logoutFromApplication -->
  <testcase classname="package1.ToVerifyLoginPage" name="@AfterClass clearPomObjects" time="-1.644838172886E9">
    <skipped/>
  </testcase> <!-- @AfterClass clearPomObjects -->
  <testcase classname="package1.ToVerifyHeader" name="@AfterMethod logoutFromApplication" time="-1.644838172891E9">
    <skipped/>
  </testcase> <!-- @AfterMethod logoutFromApplication -->
  <testcase classname="package1.ToVerifyHeader" name="@BeforeMethod clickLoginButton" time="-1.644838172909E9">
    <skipped/>
  </testcase> <!-- @BeforeMethod clickLoginButton -->
  <testcase classname="package1.ToVerifyHeader" name="@AfterMethod logoutFromApplication" time="-1.644838172931E9">
    <skipped/>
  </testcase> <!-- @AfterMethod logoutFromApplication -->
  <testcase classname="package1.ToVerifyHeader" name="@BeforeMethod clickLoginButton" time="-1.644838173103E9">
    <skipped/>
  </testcase> <!-- @BeforeMethod clickLoginButton -->
  <testcase classname="package1.ToVerifyHeader" name="@AfterMethod logoutFromApplication" time="-1.644838173125E9">
    <skipped/>
  </testcase> <!-- @AfterMethod logoutFromApplication -->
  <testcase classname="package1.ToVerifyHeader" name="@BeforeMethod clickLoginButton" time="-1.644838173145E9">
    <skipped/>
  </testcase> <!-- @BeforeMethod clickLoginButton -->
  <testcase classname="package1.ToVerifyHeader" name="@AfterMethod logoutFromApplication" time="-1.644838173229E9">
    <skipped/>
  </testcase> <!-- @AfterMethod logoutFromApplication -->
  <testcase classname="package1.ToVerifyHeader" name="@BeforeMethod clickLoginButton" time="-1.64483817324E9">
    <skipped/>
  </testcase> <!-- @BeforeMethod clickLoginButton -->
  <testcase classname="package1.ToVerifyHeader" name="@AfterMethod logoutFromApplication" time="-1.644838173317E9">
    <skipped/>
  </testcase> <!-- @AfterMethod logoutFromApplication -->
  <testcase classname="package1.ToVerifyHeader" name="@AfterClass clearPomObjects" time="-1.644838173335E9">
    <skipped/>
  </testcase> <!-- @AfterClass clearPomObjects -->
  <testcase classname="package1.ToVerifyHeader" name="@AfterTest afterClass" time="-1.644838173342E9">
    <skipped/>
  </testcase> <!-- @AfterTest afterClass -->
  <testcase classname="package1.ToVerifyLoginPage" name="@AfterTest afterClass" time="-1.644838173347E9">
    <skipped/>
  </testcase> <!-- @AfterTest afterClass -->
  <testcase classname="package1.ToVerifyLoginPage" name="verifyLoginButton" time="0.0">
    <skipped/>
  </testcase> <!-- verifyLoginButton -->
  <testcase classname="package1.ToVerifyHeader" name="verifyWatchButton" time="0.0">
    <skipped/>
  </testcase> <!-- verifyWatchButton -->
  <testcase classname="package1.ToVerifyHeader" name="verifyMarcketplaceButton" time="0.0">
    <skipped/>
  </testcase> <!-- verifyMarcketplaceButton -->
  <testcase classname="package1.ToVerifyHeader" name="verifyGroupsButton" time="0.001">
    <skipped/>
  </testcase> <!-- verifyGroupsButton -->
  <testcase classname="package1.ToVerifyHeader" name="verifyMessengerButton" time="0.0">
    <skipped/>
  </testcase> <!-- verifyMessengerButton -->
  <testcase classname="package1.ToVerifyHeader" name="verifyNotificationsButton" time="0.0">
    <skipped/>
  </testcase> <!-- verifyNotificationsButton -->
</testsuite> <!-- firefoxTest -->
